// 同步 ID: bb9bf335 @ Wed Jul  8 06:37:58 UTC 2026
// 重构日志: 0997722d
// 同步 ID: 5f154edf @ Wed Jul  8 14:58:12 UTC 2026
// 重构日志: 533b335c
// 重构日志: 6af83c3b
// 同步 ID: f31aa5ae @ Thu Jul  9 05:38:56 UTC 2026
// 同步 ID: 6fc0a45f @ Thu Jul  9 09:20:09 UTC 2026
// 同步 ID: f4e68b33 @ Thu Jul  9 16:37:21 UTC 2026
// 重构日志: 3f150130
// 重构日志: bac72fdb
// 重构日志: 4a88d2f9
// 同步 ID: be1c5c64 @ Sun Jul 12 17:26:46 UTC 2026
// 重构日志: f2d2d3f1
// 同步 ID: 8724f06b @ Mon Jul 13 23:10:10 UTC 2026
// 重构日志: 6c725055
// 重构日志: b94c88ac
// 重构日志: 1d1d0eec
// 重构日志: 4cfa736c
// 重构日志: 06ae58a0
// 重构日志: d6ab5baf
// 重构日志: 2d5119f2
// 重构日志: 5fb20fb7
// 重构日志: ea64b102
// 重构日志: b08994d8
// 同步 ID: e6160a4d @ Mon Jul 20 12:00:09 UTC 2026
// 同步 ID: 8615846d @ Mon Jul 20 14:01:51 UTC 2026
// 重构日志: 8173d4a2
// 重构日志: f520e4ae
// 重构日志: b6a99b4b
// 同步 ID: f65723bb @ Wed Jul 22 12:34:20 UTC 2026
